<?xml version="1.0" encoding="UTF-8"?>
<testng-results skipped="0" failed="0" ignored="0" total="1" passed="1">
  <reporter-output>
  </reporter-output>
  <suite name="AutomationSuite" duration-ms="67315" started-at="2019-07-22T07:05:40Z" finished-at="2019-07-22T07:06:48Z">
    <groups>
    </groups>
    <test name="AutomationTest" duration-ms="67315" started-at="2019-07-22T07:05:40Z" finished-at="2019-07-22T07:06:48Z">
      <class name="LoginPageTest">
        <test-method status="PASS" signature="setup()[pri:0, instance:LoginPageTest@d44fc21]" name="setup" is-config="true" duration-ms="47739" started-at="2019-07-22T07:05:40Z" finished-at="2019-07-22T07:06:28Z">
          <reporter-output>
          </reporter-output>
        </test-method> <!-- setup -->
        <test-method status="PASS" signature="CreateIndividual_Test()[pri:0, instance:LoginPageTest@d44fc21]" name="CreateIndividual_Test" duration-ms="19440" started-at="2019-07-22T07:06:28Z" finished-at="2019-07-22T07:06:48Z">
          <reporter-output>
          </reporter-output>
        </test-method> <!-- CreateIndividual_Test -->
      </class> <!-- LoginPageTest -->
    </test> <!-- AutomationTest -->
  </suite> <!-- AutomationSuite -->
</testng-results>
