<?xml version="1.0" encoding="UTF-8"?>
<testng-results skipped="0" failed="0" ignored="0" total="2" passed="2">
  <reporter-output>
  </reporter-output>
  <suite name="AutomationSuite" duration-ms="28271" started-at="2019-07-24T17:07:53Z" finished-at="2019-07-24T17:08:22Z">
    <groups>
    </groups>
    <test name="Valid_Test" duration-ms="11076" started-at="2019-07-24T17:07:53Z" finished-at="2019-07-24T17:08:04Z">
      <class name="LoginPageTest">
        <test-method status="PASS" signature="setup()[pri:0, instance:LoginPageTest@520a3426]" name="setup" is-config="true" duration-ms="9179" started-at="2019-07-24T17:07:53Z" finished-at="2019-07-24T17:08:02Z">
          <reporter-output>
          </reporter-output>
        </test-method> <!-- setup -->
        <test-method status="PASS" signature="CreateIndividual_Test(java.lang.String, java.lang.String)[pri:0, instance:LoginPageTest@520a3426]" name="CreateIndividual_Test" duration-ms="1478" started-at="2019-07-24T17:08:02Z" finished-at="2019-07-24T17:08:04Z">
          <params>
            <param index="0">
              <value>
                <![CDATA[admin@yourstore.com]]>
              </value>
            </param>
            <param index="1">
              <value>
                <![CDATA[admin]]>
              </value>
            </param>
          </params>
          <reporter-output>
          </reporter-output>
        </test-method> <!-- CreateIndividual_Test -->
        <test-method status="PASS" signature="teardown()[pri:0, instance:LoginPageTest@520a3426]" name="teardown" is-config="true" duration-ms="388" started-at="2019-07-24T17:08:04Z" finished-at="2019-07-24T17:08:04Z">
          <reporter-output>
          </reporter-output>
        </test-method> <!-- teardown -->
      </class> <!-- LoginPageTest -->
    </test> <!-- Valid_Test -->
    <test name="InValid_Test" duration-ms="17168" started-at="2019-07-24T17:08:04Z" finished-at="2019-07-24T17:08:22Z">
      <class name="LoginPageTest">
        <test-method status="PASS" signature="setup()[pri:0, instance:LoginPageTest@3dd4520b]" name="setup" is-config="true" duration-ms="14766" started-at="2019-07-24T17:08:04Z" finished-at="2019-07-24T17:08:19Z">
          <reporter-output>
          </reporter-output>
        </test-method> <!-- setup -->
        <test-method status="PASS" signature="CreateIndividual_Test(java.lang.String, java.lang.String)[pri:0, instance:LoginPageTest@3dd4520b]" name="CreateIndividual_Test" duration-ms="2283" started-at="2019-07-24T17:08:19Z" finished-at="2019-07-24T17:08:21Z">
          <params>
            <param index="0">
              <value>
                <![CDATA[admin@yourstore.com]]>
              </value>
            </param>
            <param index="1">
              <value>
                <![CDATA[admin12345]]>
              </value>
            </param>
          </params>
          <reporter-output>
          </reporter-output>
        </test-method> <!-- CreateIndividual_Test -->
        <test-method status="PASS" signature="teardown()[pri:0, instance:LoginPageTest@3dd4520b]" name="teardown" is-config="true" duration-ms="117" started-at="2019-07-24T17:08:21Z" finished-at="2019-07-24T17:08:22Z">
          <reporter-output>
          </reporter-output>
        </test-method> <!-- teardown -->
      </class> <!-- LoginPageTest -->
    </test> <!-- InValid_Test -->
  </suite> <!-- AutomationSuite -->
</testng-results>
